2025-12-08 11:05:23,516 INFO  [ru.toxsoft.l2.core.main.L2CoreMain] 
Программа нижнего уровня, вер.1.1 2025-12-08 11:05:23, ТоксСофт.
  Начало выполнения: 2025-12-08 11:05:23

2025-12-08 11:05:23,517 INFO  [ru.toxsoft.l2.core.main.L2CoreMain] L2 Threads Monitor Thread Started
2025-12-08 11:05:23,561 INFO  [ru.toxsoft.l2.core.main.L2CoreMain] Считан конфигурационный файл '/home/tsgeo/works/git-repos/ts4-l2/ru.toxsoft.l2.core/run/cfg/l2.cfg'
2025-12-08 11:05:23,561 INFO  [ru.toxsoft.l2.core.main.L2CoreMain] Создание контекста программы
2025-12-08 11:05:23,562 INFO  [ru.toxsoft.l2.core.main.L2CoreMain] Создание модуля HAL(оборудование)
2025-12-08 11:05:23,566 INFO  [ru.toxsoft.l2.core.hal.impl.HalImpl] Считан конфигурационный файл HALa '/home/tsgeo/works/git-repos/ts4-l2/ru.toxsoft.l2.core/run/cfg/hal/hal.cfg'
2025-12-08 11:05:23,566 INFO  [ru.toxsoft.l2.core.main.L2CoreMain] Создание сетевых модулей
2025-12-08 11:05:23,569 INFO  [ru.toxsoft.l2.core.net.impl.NetworkImpl] Считан конфигурационный файл NETa '/home/tsgeo/works/git-repos/ts4-l2/ru.toxsoft.l2.core/run/cfg/net/net.cfg'
2025-12-08 11:05:23,569 INFO  [ru.toxsoft.l2.core.main.L2CoreMain] Creation of Reserve module
2025-12-08 11:05:23,570 INFO  [ru.toxsoft.l2.core.main.L2CoreMain] Создание модуля приложения
2025-12-08 11:05:23,571 INFO  [ru.toxsoft.l2.core.main.L2CoreMain] Создание модуля менеджера DLM
2025-12-08 11:05:23,597 INFO  [ru.toxsoft.l2.core.main.L2CoreMain] Запуск модуля HAL(оборудование)
2025-12-08 11:05:23,597 INFO  [ru.toxsoft.l2.core.main.L2CoreMain] Start starting component: HAL
2025-12-08 11:05:23,597 INFO  [ru.toxsoft.l2.core.hal.impl.HalImpl] Стартует компонента HalImpl
2025-12-08 11:05:23,603 INFO  [ru.toxsoft.l2.core.hal.impl.HalImpl] Loaded config size - 1
2025-12-08 11:05:23,603 INFO  [ru.toxsoft.l2.core.hal.impl.HalImpl] Loaded config - opc2s5.bridge.collection.id
2025-12-08 11:05:25,209 INFO  [ru.toxsoft.l2.core.hal.impl.HalImpl] Producer created
2025-12-08 11:05:25,210 INFO  [ru.toxsoft.l2.core.hal.impl.HalImpl] SpecificDevice opc2s5.bridge.collection.id is created and added
2025-12-08 11:05:25,210 INFO  [ru.toxsoft.l2.core.hal.impl.HalImpl] Компонента HalImpl стартовала
2025-12-08 11:05:25,210 INFO  [ru.toxsoft.l2.core.main.L2CoreMain] Component: HAL - started in 1613 msec
2025-12-08 11:05:25,210 INFO  [ru.toxsoft.l2.core.main.L2CoreMain] Запуск сетевых модулей
2025-12-08 11:05:25,210 INFO  [ru.toxsoft.l2.core.main.L2CoreMain] Start starting component: NET
2025-12-08 11:05:25,210 INFO  [ru.toxsoft.l2.core.net.impl.NetworkImpl] Стартует компонента NetworkImpl
2025-12-08 11:05:25,256 INFO  [ru.toxsoft.l2.core.net.impl.NetworkImpl$ConnectionRunnable] Connection attempt number 1 (from 100)
2025-12-08 11:05:25,295 WARN  [ru.toxsoft.l2.core.main.L2CoreMain] Локализация uskat не работает, недоступна директория /home/tsgeo/works/git-repos/ts4-l2/ru.toxsoft.l2.core/run/uskat-l10n
2025-12-08 11:05:25,325 INFO  [TsDefaultLogger] S5AbstractBackend::run(): change default logger: LoggerUtils.setDefaultLogger( TsDefaultLogger )
2025-12-08 11:05:25,325 INFO  [TsErrorLogger] S5AbstractBackend::run(): change default error logger: LoggerUtils.setErrorLogger( TsErrorLogger )
2025-12-08 11:05:25,327 INFO  [S5Lockable] LOCK_TRACING = false, LOCK_TRACING_ID = 
2025-12-08 11:05:26,535 WARN  [TsDefaultLogger] Service sk.service.core.Links: received message with unknown message ID 'LinksChanged'
2025-12-08 11:05:26,535 WARN  [TsDefaultLogger] Service sk.service.core.Links: received message with unknown message ID 'LinksChanged'
2025-12-08 11:05:26,535 WARN  [TsDefaultLogger] Service sk.service.core.Links: received message with unknown message ID 'LinksChanged'
2025-12-08 11:05:26,536 INFO  [ru.toxsoft.l2.core.net.impl.NetworkImpl$ConnectionRunnable] Connection established
2025-12-08 11:05:26,536 INFO  [ru.toxsoft.l2.core.net.impl.NetworkImpl] QUIT COMMAND HAS NOT BEEN REGISTERED
2025-12-08 11:05:26,536 INFO  [ru.toxsoft.l2.core.net.impl.NetworkImpl] Компонента NetworkImpl стартовала
2025-12-08 11:05:26,536 INFO  [ru.toxsoft.l2.core.main.L2CoreMain] Component: NET - started in 1326 msec
2025-12-08 11:05:26,536 INFO  [ru.toxsoft.l2.core.main.L2CoreMain] Stating reserve module
2025-12-08 11:05:26,536 INFO  [ru.toxsoft.l2.core.main.L2CoreMain] Start starting component: RESERVE
2025-12-08 11:05:26,536 INFO  [ru.toxsoft.l2.core.dlm.impl.DlmManager] Стартует компонента DlmManager
2025-12-08 11:05:26,537 INFO  [ru.toxsoft.l2.core.dlm.impl.DlmHolder] List of jar-files that are DLMs (they contain all essential dlm information):
2025-12-08 11:05:26,537 INFO  [ru.toxsoft.l2.core.dlm.impl.DlmHolder] jar: /home/tsgeo/works/git-repos/ts4-l2/ru.toxsoft.l2.core/run/dlms/ru.toxsoft.l2.dlm.tags.common-dlm.jar, DLM: ru.toxsoft.l2.dlm.tags.common
2025-12-08 11:05:26,553 INFO  [ru.toxsoft.l2.core.dlm.impl.DlmHolder] added successfully
2025-12-08 11:05:26,554 INFO  [ru.toxsoft.l2.core.dlm.impl.DlmHolder] configuration DLM ru.toxsoft.l2.dlm.tags.common
2025-12-08 11:05:26,554 INFO  [ru.toxsoft.l2.core.dlm.impl.DlmHolder] starting DLM ru.toxsoft.l2.dlm.tags.common
2025-12-08 11:05:26,554 WARN  [ru.toxsoft.l2.dlm.opc_bridge.submodules.ctags.ComplexTagsModule] Complex tag of dlm ru.toxsoft.l2.dlm.tags.common not started - couldnt find cfg info
2025-12-08 11:05:26,558 INFO  [ru.toxsoft.l2.dlm.opc_bridge.submodules.events.EventModule] Работа с событиями в модуле ru.toxsoft.l2.dlm.tags.common стартовала
2025-12-08 11:05:26,561 INFO  [ru.toxsoft.l2.core.dlm.impl.DlmHolder] started DLM ru.toxsoft.l2.dlm.tags.common
2025-12-08 11:05:26,562 INFO  [ru.toxsoft.l2.core.dlm.impl.DlmManager] Компонента DlmManager стартовала
2025-12-08 11:05:26,562 INFO  [ru.toxsoft.l2.core.main.L2CoreMain] Component: RESERVE - started in 26 msec
2025-12-08 11:05:26,562 INFO  [ru.toxsoft.l2.core.main.L2CoreMain] Запуск модуля приложения
2025-12-08 11:05:26,562 INFO  [ru.toxsoft.l2.core.main.L2CoreMain] Start starting component: APP
2025-12-08 11:05:26,562 INFO  [ru.toxsoft.l2.core.app.impl.BaseAppImpl] Стартует компонента BaseAppImpl
2025-12-08 11:05:26,562 INFO  [ru.toxsoft.l2.core.app.impl.BaseAppImpl] Компонента BaseAppImpl стартовала
2025-12-08 11:05:26,562 INFO  [ru.toxsoft.l2.core.main.L2CoreMain] Component: APP - started in 0 msec
2025-12-08 11:05:26,562 INFO  [ru.toxsoft.l2.core.main.L2CoreMain] READ_DEVICES_DELAY 65
2025-12-08 11:05:26,562 INFO  [ru.toxsoft.l2.core.main.L2CoreMain] WRITE_DEVICES_DELAY 5
2025-12-08 11:05:26,562 INFO  [ru.toxsoft.l2.core.main.L2CoreMain] Установка перехватчика остановки приложения (ctrl+C)
2025-12-08 11:05:26,563 INFO  [ru.toxsoft.l2.core.main.L2CoreMain] Запуск главного цикла программы
2025-12-08 11:05:26,631 INFO  [ru.toxsoft.l2.core.net.NetworkUtils] IDataQualityService addConnectedResources: size = 0
2025-12-08 11:05:35,372 ERROR [ru.toxsoft.l2.core.main.L2CoreMain] ShutdownHookThread Started
2025-12-08 11:05:35,416 INFO  [ru.toxsoft.l2.core.main.L2CoreMain] Start stopping component: APP
2025-12-08 11:05:35,416 INFO  [ru.toxsoft.l2.core.app.impl.BaseAppImpl] Останавливается компонента BaseAppImpl
2025-12-08 11:05:35,416 INFO  [ru.toxsoft.l2.core.main.L2CoreMain] Component: APP - stopped successful (true) in 0 msec
2025-12-08 11:05:35,416 INFO  [ru.toxsoft.l2.core.main.L2CoreMain] Start stopping component: RESERVE
2025-12-08 11:05:35,416 INFO  [ru.toxsoft.l2.core.dlm.impl.DlmManager] Останавливается компонента DlmManager
2025-12-08 11:05:35,417 INFO  [ru.toxsoft.l2.core.dlm.impl.DlmManager] processing Stop Query Dlm manager
2025-12-08 11:05:35,417 INFO  [ru.toxsoft.l2.core.dlm.impl.DlmHolder] query stopping DLM ru.toxsoft.l2.dlm.tags.common
2025-12-08 11:05:35,419 INFO  [ru.toxsoft.l2.core.net.NetworkUtils] IDataQualityService removeDataFromQualityService: size = 0
2025-12-08 11:05:35,421 INFO  [ru.toxsoft.l2.core.dlm.impl.DlmHolder] query stop DLM ru.toxsoft.l2.dlm.tags.common - with result: true
2025-12-08 11:05:35,421 INFO  [ru.toxsoft.l2.core.dlm.impl.DlmManager] process Stop Query Dlm manager with result: true
2025-12-08 11:05:35,421 INFO  [ru.toxsoft.l2.core.main.L2CoreMain] Component: RESERVE - stopped successful (true) in 5 msec
2025-12-08 11:05:35,421 INFO  [ru.toxsoft.l2.core.main.L2CoreMain] Start stopping component: NET
2025-12-08 11:05:35,421 INFO  [ru.toxsoft.l2.core.net.impl.NetworkImpl] Останавливается компонента NetworkImpl
2025-12-08 11:05:35,429 ERROR [org.toxsoft.uskat.s5.client.remote.connection.pas.S5CallbackClient] Нет callback-соединений сервера. Пересоздание соединения
2025-12-08 11:05:35,429 WARN  [org.toxsoft.uskat.s5.client.remote.connection.S5Connection] restoreSessionQuery(): call handlingUnexpectedBreak()
2025-12-08 11:05:35,429 WARN  [org.toxsoft.uskat.s5.client.remote.connection.S5Connection] While desctivating connection already became inacive. closingNow = true, state = Неактивный
2025-12-08 11:05:35,430 INFO  [ru.toxsoft.l2.core.main.L2CoreMain] Component: NET - stopped successful (true) in 9 msec
2025-12-08 11:05:35,430 INFO  [ru.toxsoft.l2.core.main.L2CoreMain] Start stopping component: HAL
2025-12-08 11:05:35,430 INFO  [ru.toxsoft.l2.core.hal.impl.HalImpl] Останавливается компонента HalImpl
2025-12-08 11:05:35,433 ERROR [org.toxsoft.uskat.s5.client.remote.connection.pas.S5CallbackClient] Обнаружен разрыв соединения канала remote(127.0.0.1:8081), local(0.0.0.0:35120), time =2025-12-08_11:05:25.836. Причина: TsIoRtException: Error acessing file or directory
2025-12-08 11:05:35,460 INFO  [ru.toxsoft.l2.core.main.L2CoreMain] Component: HAL - stopped successful (true) in 30 msec
2025-12-08 11:05:35,460 INFO  [ru.toxsoft.l2.core.dlm.impl.DlmManager] processing Destroy Dlm manager
2025-12-08 11:05:35,461 INFO  [ru.toxsoft.l2.core.dlm.impl.DlmManager] destroyed Dlm manager
2025-12-08 11:05:35,461 INFO  [ru.toxsoft.l2.core.dlm.impl.DlmManager] processing Destroy Dlm manager
2025-12-08 11:05:35,461 INFO  [ru.toxsoft.l2.core.dlm.impl.DlmManager] destroyed Dlm manager
2025-12-08 11:05:35,461 INFO  [ru.toxsoft.l2.core.main.L2CoreMain] Программа НУ завершила работу.
  Причина завершения: Shutdown by ShutdownHook (CTRL+C) 
  Код завершения: 0 
  Общее время работы 0 дн. 00:00:12 

2025-12-08 11:05:35,461 INFO  [ru.toxsoft.l2.core.main.L2CoreMain] Программа НУ завершила работу. Код завершения: 0
2025-12-08 11:05:35,461 ERROR [ru.toxsoft.l2.core.main.L2CoreMain] ShutdownHookThread Quit
2025-12-08 11:11:04,873 INFO  [ru.toxsoft.l2.core.main.L2CoreMain] 
Программа нижнего уровня, вер.1.1 2025-12-08 11:11:04, ТоксСофт.
  Начало выполнения: 2025-12-08 11:11:04

2025-12-08 11:11:04,874 INFO  [ru.toxsoft.l2.core.main.L2CoreMain] L2 Threads Monitor Thread Started
2025-12-08 11:11:04,920 INFO  [ru.toxsoft.l2.core.main.L2CoreMain] Считан конфигурационный файл '/home/tsgeo/works/git-repos/ts4-l2/ru.toxsoft.l2.core/run/cfg/l2.cfg'
2025-12-08 11:11:04,921 INFO  [ru.toxsoft.l2.core.main.L2CoreMain] Создание контекста программы
2025-12-08 11:11:04,922 INFO  [ru.toxsoft.l2.core.main.L2CoreMain] Создание модуля HAL(оборудование)
2025-12-08 11:11:04,926 INFO  [ru.toxsoft.l2.core.hal.impl.HalImpl] Считан конфигурационный файл HALa '/home/tsgeo/works/git-repos/ts4-l2/ru.toxsoft.l2.core/run/cfg/hal/hal.cfg'
2025-12-08 11:11:04,927 INFO  [ru.toxsoft.l2.core.main.L2CoreMain] Создание сетевых модулей
2025-12-08 11:11:04,929 INFO  [ru.toxsoft.l2.core.net.impl.NetworkImpl] Считан конфигурационный файл NETa '/home/tsgeo/works/git-repos/ts4-l2/ru.toxsoft.l2.core/run/cfg/net/net.cfg'
2025-12-08 11:11:04,929 INFO  [ru.toxsoft.l2.core.main.L2CoreMain] Creation of Reserve module
2025-12-08 11:11:04,930 INFO  [ru.toxsoft.l2.core.main.L2CoreMain] Создание модуля приложения
2025-12-08 11:11:04,931 INFO  [ru.toxsoft.l2.core.main.L2CoreMain] Создание модуля менеджера DLM
2025-12-08 11:11:04,957 INFO  [ru.toxsoft.l2.core.main.L2CoreMain] Запуск модуля HAL(оборудование)
2025-12-08 11:11:04,957 INFO  [ru.toxsoft.l2.core.main.L2CoreMain] Start starting component: HAL
2025-12-08 11:11:04,957 INFO  [ru.toxsoft.l2.core.hal.impl.HalImpl] Стартует компонента HalImpl
2025-12-08 11:11:04,964 INFO  [ru.toxsoft.l2.core.hal.impl.HalImpl] Loaded config size - 1
2025-12-08 11:11:04,964 INFO  [ru.toxsoft.l2.core.hal.impl.HalImpl] Loaded config - opc2s5.bridge.collection.id
2025-12-08 11:11:06,587 INFO  [ru.toxsoft.l2.core.hal.impl.HalImpl] Producer created
2025-12-08 11:11:06,587 INFO  [ru.toxsoft.l2.core.hal.impl.HalImpl] SpecificDevice opc2s5.bridge.collection.id is created and added
2025-12-08 11:11:06,587 INFO  [ru.toxsoft.l2.core.hal.impl.HalImpl] Компонента HalImpl стартовала
2025-12-08 11:11:06,587 INFO  [ru.toxsoft.l2.core.main.L2CoreMain] Component: HAL - started in 1630 msec
2025-12-08 11:11:06,588 INFO  [ru.toxsoft.l2.core.main.L2CoreMain] Запуск сетевых модулей
2025-12-08 11:11:06,588 INFO  [ru.toxsoft.l2.core.main.L2CoreMain] Start starting component: NET
2025-12-08 11:11:06,588 INFO  [ru.toxsoft.l2.core.net.impl.NetworkImpl] Стартует компонента NetworkImpl
2025-12-08 11:11:06,635 INFO  [ru.toxsoft.l2.core.net.impl.NetworkImpl$ConnectionRunnable] Connection attempt number 1 (from 100)
2025-12-08 11:11:06,674 WARN  [ru.toxsoft.l2.core.main.L2CoreMain] Локализация uskat не работает, недоступна директория /home/tsgeo/works/git-repos/ts4-l2/ru.toxsoft.l2.core/run/uskat-l10n
2025-12-08 11:11:06,704 INFO  [TsDefaultLogger] S5AbstractBackend::run(): change default logger: LoggerUtils.setDefaultLogger( TsDefaultLogger )
2025-12-08 11:11:06,704 INFO  [TsErrorLogger] S5AbstractBackend::run(): change default error logger: LoggerUtils.setErrorLogger( TsErrorLogger )
2025-12-08 11:11:06,707 INFO  [S5Lockable] LOCK_TRACING = false, LOCK_TRACING_ID = 
2025-12-08 11:11:07,877 WARN  [TsDefaultLogger] Service sk.service.core.Links: received message with unknown message ID 'LinksChanged'
2025-12-08 11:11:07,877 WARN  [TsDefaultLogger] Service sk.service.core.Links: received message with unknown message ID 'LinksChanged'
2025-12-08 11:11:07,878 WARN  [TsDefaultLogger] Service sk.service.core.Links: received message with unknown message ID 'LinksChanged'
2025-12-08 11:11:07,878 INFO  [ru.toxsoft.l2.core.net.impl.NetworkImpl$ConnectionRunnable] Connection established
2025-12-08 11:11:07,879 INFO  [ru.toxsoft.l2.core.net.impl.NetworkImpl] QUIT COMMAND HAS NOT BEEN REGISTERED
2025-12-08 11:11:07,879 INFO  [ru.toxsoft.l2.core.net.impl.NetworkImpl] Компонента NetworkImpl стартовала
2025-12-08 11:11:07,879 INFO  [ru.toxsoft.l2.core.main.L2CoreMain] Component: NET - started in 1291 msec
2025-12-08 11:11:07,879 INFO  [ru.toxsoft.l2.core.main.L2CoreMain] Stating reserve module
2025-12-08 11:11:07,879 INFO  [ru.toxsoft.l2.core.main.L2CoreMain] Start starting component: RESERVE
2025-12-08 11:11:07,879 INFO  [ru.toxsoft.l2.core.dlm.impl.DlmManager] Стартует компонента DlmManager
2025-12-08 11:11:07,879 INFO  [ru.toxsoft.l2.core.dlm.impl.DlmHolder] List of jar-files that are DLMs (they contain all essential dlm information):
2025-12-08 11:11:07,879 INFO  [ru.toxsoft.l2.core.dlm.impl.DlmHolder] jar: /home/tsgeo/works/git-repos/ts4-l2/ru.toxsoft.l2.core/run/dlms/ru.toxsoft.l2.dlm.tags.common-dlm.jar, DLM: ru.toxsoft.l2.dlm.tags.common
2025-12-08 11:11:07,894 INFO  [ru.toxsoft.l2.core.dlm.impl.DlmHolder] added successfully
2025-12-08 11:11:07,894 INFO  [ru.toxsoft.l2.core.dlm.impl.DlmHolder] configuration DLM ru.toxsoft.l2.dlm.tags.common
2025-12-08 11:11:07,894 INFO  [ru.toxsoft.l2.core.dlm.impl.DlmHolder] starting DLM ru.toxsoft.l2.dlm.tags.common
2025-12-08 11:11:07,894 WARN  [ru.toxsoft.l2.dlm.opc_bridge.submodules.ctags.ComplexTagsModule] Complex tag of dlm ru.toxsoft.l2.dlm.tags.common not started - couldnt find cfg info
2025-12-08 11:11:07,898 INFO  [ru.toxsoft.l2.dlm.opc_bridge.submodules.events.EventModule] Работа с событиями в модуле ru.toxsoft.l2.dlm.tags.common стартовала
2025-12-08 11:11:07,902 INFO  [ru.toxsoft.l2.core.dlm.impl.DlmHolder] started DLM ru.toxsoft.l2.dlm.tags.common
2025-12-08 11:11:07,902 INFO  [ru.toxsoft.l2.core.dlm.impl.DlmManager] Компонента DlmManager стартовала
2025-12-08 11:11:07,902 INFO  [ru.toxsoft.l2.core.main.L2CoreMain] Component: RESERVE - started in 23 msec
2025-12-08 11:11:07,902 INFO  [ru.toxsoft.l2.core.main.L2CoreMain] Запуск модуля приложения
2025-12-08 11:11:07,903 INFO  [ru.toxsoft.l2.core.main.L2CoreMain] Start starting component: APP
2025-12-08 11:11:07,903 INFO  [ru.toxsoft.l2.core.app.impl.BaseAppImpl] Стартует компонента BaseAppImpl
2025-12-08 11:11:07,903 INFO  [ru.toxsoft.l2.core.app.impl.BaseAppImpl] Компонента BaseAppImpl стартовала
2025-12-08 11:11:07,903 INFO  [ru.toxsoft.l2.core.main.L2CoreMain] Component: APP - started in 0 msec
2025-12-08 11:11:07,903 INFO  [ru.toxsoft.l2.core.main.L2CoreMain] READ_DEVICES_DELAY 65
2025-12-08 11:11:07,903 INFO  [ru.toxsoft.l2.core.main.L2CoreMain] WRITE_DEVICES_DELAY 5
2025-12-08 11:11:07,903 INFO  [ru.toxsoft.l2.core.main.L2CoreMain] Установка перехватчика остановки приложения (ctrl+C)
2025-12-08 11:11:07,903 INFO  [ru.toxsoft.l2.core.main.L2CoreMain] Запуск главного цикла программы
2025-12-08 11:11:07,971 INFO  [ru.toxsoft.l2.core.net.NetworkUtils] IDataQualityService addConnectedResources: size = 0
2025-12-08 11:11:10,941 ERROR [ru.toxsoft.l2.core.main.L2CoreMain] ShutdownHookThread Started
2025-12-08 11:11:10,965 INFO  [ru.toxsoft.l2.core.main.L2CoreMain] Start stopping component: APP
2025-12-08 11:11:10,965 INFO  [ru.toxsoft.l2.core.app.impl.BaseAppImpl] Останавливается компонента BaseAppImpl
2025-12-08 11:11:10,965 INFO  [ru.toxsoft.l2.core.main.L2CoreMain] Component: APP - stopped successful (true) in 0 msec
2025-12-08 11:11:10,965 INFO  [ru.toxsoft.l2.core.main.L2CoreMain] Start stopping component: RESERVE
2025-12-08 11:11:10,965 INFO  [ru.toxsoft.l2.core.dlm.impl.DlmManager] Останавливается компонента DlmManager
2025-12-08 11:11:10,965 INFO  [ru.toxsoft.l2.core.dlm.impl.DlmManager] processing Stop Query Dlm manager
2025-12-08 11:11:10,966 INFO  [ru.toxsoft.l2.core.dlm.impl.DlmHolder] query stopping DLM ru.toxsoft.l2.dlm.tags.common
2025-12-08 11:11:10,968 INFO  [ru.toxsoft.l2.core.net.NetworkUtils] IDataQualityService removeDataFromQualityService: size = 0
2025-12-08 11:11:10,970 INFO  [ru.toxsoft.l2.core.dlm.impl.DlmHolder] query stop DLM ru.toxsoft.l2.dlm.tags.common - with result: true
2025-12-08 11:11:10,970 INFO  [ru.toxsoft.l2.core.dlm.impl.DlmManager] process Stop Query Dlm manager with result: true
2025-12-08 11:11:10,970 INFO  [ru.toxsoft.l2.core.main.L2CoreMain] Component: RESERVE - stopped successful (true) in 5 msec
2025-12-08 11:11:10,970 INFO  [ru.toxsoft.l2.core.main.L2CoreMain] Start stopping component: NET
2025-12-08 11:11:10,970 INFO  [ru.toxsoft.l2.core.net.impl.NetworkImpl] Останавливается компонента NetworkImpl
2025-12-08 11:11:10,979 ERROR [org.toxsoft.uskat.s5.client.remote.connection.pas.S5CallbackClient] Нет callback-соединений сервера. Пересоздание соединения
2025-12-08 11:11:10,980 WARN  [org.toxsoft.uskat.s5.client.remote.connection.S5Connection] restoreSessionQuery(): call handlingUnexpectedBreak()
2025-12-08 11:11:10,980 WARN  [org.toxsoft.uskat.s5.client.remote.connection.S5Connection] While desctivating connection already became inacive. closingNow = true, state = Неактивный
2025-12-08 11:11:10,980 INFO  [ru.toxsoft.l2.core.main.L2CoreMain] Component: NET - stopped successful (true) in 10 msec
2025-12-08 11:11:10,980 INFO  [ru.toxsoft.l2.core.main.L2CoreMain] Start stopping component: HAL
2025-12-08 11:11:10,980 INFO  [ru.toxsoft.l2.core.hal.impl.HalImpl] Останавливается компонента HalImpl
2025-12-08 11:11:10,982 ERROR [org.toxsoft.uskat.s5.client.remote.connection.pas.S5CallbackClient] Обнаружен разрыв соединения канала remote(127.0.0.1:8081), local(0.0.0.0:54028), time =2025-12-08_11:11:07.211. Причина: TsIoRtException: Error acessing file or directory
2025-12-08 11:11:11,001 INFO  [ru.toxsoft.l2.core.main.L2CoreMain] Component: HAL - stopped successful (true) in 21 msec
2025-12-08 11:11:11,001 INFO  [ru.toxsoft.l2.core.dlm.impl.DlmManager] processing Destroy Dlm manager
2025-12-08 11:11:11,001 INFO  [ru.toxsoft.l2.core.dlm.impl.DlmManager] destroyed Dlm manager
2025-12-08 11:11:11,001 INFO  [ru.toxsoft.l2.core.dlm.impl.DlmManager] processing Destroy Dlm manager
2025-12-08 11:11:11,001 INFO  [ru.toxsoft.l2.core.dlm.impl.DlmManager] destroyed Dlm manager
2025-12-08 11:11:11,002 INFO  [ru.toxsoft.l2.core.main.L2CoreMain] Программа НУ завершила работу.
  Причина завершения: Shutdown by ShutdownHook (CTRL+C) 
  Код завершения: 0 
  Общее время работы 0 дн. 00:00:06 

2025-12-08 11:11:11,002 INFO  [ru.toxsoft.l2.core.main.L2CoreMain] Программа НУ завершила работу. Код завершения: 0
2025-12-08 11:11:11,002 ERROR [ru.toxsoft.l2.core.main.L2CoreMain] ShutdownHookThread Quit
2025-12-08 11:11:38,960 INFO  [ru.toxsoft.l2.core.main.L2CoreMain] 
Программа нижнего уровня, вер.1.1 2025-12-08 11:11:38, ТоксСофт.
  Начало выполнения: 2025-12-08 11:11:38

2025-12-08 11:11:38,961 INFO  [ru.toxsoft.l2.core.main.L2CoreMain] L2 Threads Monitor Thread Started
2025-12-08 11:11:39,006 INFO  [ru.toxsoft.l2.core.main.L2CoreMain] Считан конфигурационный файл '/home/tsgeo/works/git-repos/ts4-l2/ru.toxsoft.l2.core/run/cfg/l2.cfg'
2025-12-08 11:11:39,007 INFO  [ru.toxsoft.l2.core.main.L2CoreMain] Создание контекста программы
2025-12-08 11:11:39,007 INFO  [ru.toxsoft.l2.core.main.L2CoreMain] Создание модуля HAL(оборудование)
2025-12-08 11:11:39,012 INFO  [ru.toxsoft.l2.core.hal.impl.HalImpl] Считан конфигурационный файл HALa '/home/tsgeo/works/git-repos/ts4-l2/ru.toxsoft.l2.core/run/cfg/hal/hal.cfg'
2025-12-08 11:11:39,012 INFO  [ru.toxsoft.l2.core.main.L2CoreMain] Создание сетевых модулей
2025-12-08 11:11:39,015 INFO  [ru.toxsoft.l2.core.net.impl.NetworkImpl] Считан конфигурационный файл NETa '/home/tsgeo/works/git-repos/ts4-l2/ru.toxsoft.l2.core/run/cfg/net/net.cfg'
2025-12-08 11:11:39,015 INFO  [ru.toxsoft.l2.core.main.L2CoreMain] Creation of Reserve module
2025-12-08 11:11:39,016 INFO  [ru.toxsoft.l2.core.main.L2CoreMain] Создание модуля приложения
2025-12-08 11:11:39,017 INFO  [ru.toxsoft.l2.core.main.L2CoreMain] Создание модуля менеджера DLM
2025-12-08 11:11:39,043 INFO  [ru.toxsoft.l2.core.main.L2CoreMain] Запуск модуля HAL(оборудование)
2025-12-08 11:11:39,044 INFO  [ru.toxsoft.l2.core.main.L2CoreMain] Start starting component: HAL
2025-12-08 11:11:39,044 INFO  [ru.toxsoft.l2.core.hal.impl.HalImpl] Стартует компонента HalImpl
2025-12-08 11:11:39,050 INFO  [ru.toxsoft.l2.core.hal.impl.HalImpl] Loaded config size - 1
2025-12-08 11:11:39,051 INFO  [ru.toxsoft.l2.core.hal.impl.HalImpl] Loaded config - opc2s5.bridge.collection.id
2025-12-08 11:11:40,672 INFO  [ru.toxsoft.l2.core.hal.impl.HalImpl] Producer created
2025-12-08 11:11:40,673 INFO  [ru.toxsoft.l2.core.hal.impl.HalImpl] SpecificDevice opc2s5.bridge.collection.id is created and added
2025-12-08 11:11:40,673 INFO  [ru.toxsoft.l2.core.hal.impl.HalImpl] Компонента HalImpl стартовала
2025-12-08 11:11:40,675 INFO  [ru.toxsoft.l2.core.main.L2CoreMain] Component: HAL - started in 1631 msec
2025-12-08 11:11:40,675 INFO  [ru.toxsoft.l2.core.main.L2CoreMain] Запуск сетевых модулей
2025-12-08 11:11:40,676 INFO  [ru.toxsoft.l2.core.main.L2CoreMain] Start starting component: NET
2025-12-08 11:11:40,676 INFO  [ru.toxsoft.l2.core.net.impl.NetworkImpl] Стартует компонента NetworkImpl
2025-12-08 11:11:40,725 INFO  [ru.toxsoft.l2.core.net.impl.NetworkImpl$ConnectionRunnable] Connection attempt number 1 (from 100)
2025-12-08 11:11:40,762 WARN  [ru.toxsoft.l2.core.main.L2CoreMain] Локализация uskat не работает, недоступна директория /home/tsgeo/works/git-repos/ts4-l2/ru.toxsoft.l2.core/run/uskat-l10n
2025-12-08 11:11:40,792 INFO  [TsDefaultLogger] S5AbstractBackend::run(): change default logger: LoggerUtils.setDefaultLogger( TsDefaultLogger )
2025-12-08 11:11:40,792 INFO  [TsErrorLogger] S5AbstractBackend::run(): change default error logger: LoggerUtils.setErrorLogger( TsErrorLogger )
2025-12-08 11:11:40,794 INFO  [S5Lockable] LOCK_TRACING = false, LOCK_TRACING_ID = 
2025-12-08 11:11:41,922 WARN  [TsDefaultLogger] Service sk.service.core.Links: received message with unknown message ID 'LinksChanged'
2025-12-08 11:11:41,922 WARN  [TsDefaultLogger] Service sk.service.core.Links: received message with unknown message ID 'LinksChanged'
2025-12-08 11:11:41,922 INFO  [ru.toxsoft.l2.core.net.impl.NetworkImpl$ConnectionRunnable] Connection established
2025-12-08 11:11:41,922 WARN  [TsDefaultLogger] Service sk.service.core.Links: received message with unknown message ID 'LinksChanged'
2025-12-08 11:11:41,923 INFO  [ru.toxsoft.l2.core.net.impl.NetworkImpl] QUIT COMMAND HAS NOT BEEN REGISTERED
2025-12-08 11:11:41,923 INFO  [ru.toxsoft.l2.core.net.impl.NetworkImpl] Компонента NetworkImpl стартовала
2025-12-08 11:11:41,923 INFO  [ru.toxsoft.l2.core.main.L2CoreMain] Component: NET - started in 1247 msec
2025-12-08 11:11:41,923 INFO  [ru.toxsoft.l2.core.main.L2CoreMain] Stating reserve module
2025-12-08 11:11:41,923 INFO  [ru.toxsoft.l2.core.main.L2CoreMain] Start starting component: RESERVE
2025-12-08 11:11:41,923 INFO  [ru.toxsoft.l2.core.dlm.impl.DlmManager] Стартует компонента DlmManager
2025-12-08 11:11:41,923 INFO  [ru.toxsoft.l2.core.dlm.impl.DlmHolder] List of jar-files that are DLMs (they contain all essential dlm information):
2025-12-08 11:11:41,923 INFO  [ru.toxsoft.l2.core.dlm.impl.DlmHolder] jar: /home/tsgeo/works/git-repos/ts4-l2/ru.toxsoft.l2.core/run/dlms/ru.toxsoft.l2.dlm.tags.common-dlm.jar, DLM: ru.toxsoft.l2.dlm.tags.common
2025-12-08 11:11:41,936 INFO  [ru.toxsoft.l2.core.dlm.impl.DlmHolder] added successfully
2025-12-08 11:11:41,937 INFO  [ru.toxsoft.l2.core.dlm.impl.DlmHolder] configuration DLM ru.toxsoft.l2.dlm.tags.common
2025-12-08 11:11:41,937 INFO  [ru.toxsoft.l2.core.dlm.impl.DlmHolder] starting DLM ru.toxsoft.l2.dlm.tags.common
2025-12-08 11:11:41,937 WARN  [ru.toxsoft.l2.dlm.opc_bridge.submodules.ctags.ComplexTagsModule] Complex tag of dlm ru.toxsoft.l2.dlm.tags.common not started - couldnt find cfg info
2025-12-08 11:11:41,941 INFO  [ru.toxsoft.l2.dlm.opc_bridge.submodules.events.EventModule] Работа с событиями в модуле ru.toxsoft.l2.dlm.tags.common стартовала
2025-12-08 11:11:41,945 INFO  [ru.toxsoft.l2.core.dlm.impl.DlmHolder] started DLM ru.toxsoft.l2.dlm.tags.common
2025-12-08 11:11:41,945 INFO  [ru.toxsoft.l2.core.dlm.impl.DlmManager] Компонента DlmManager стартовала
2025-12-08 11:11:41,945 INFO  [ru.toxsoft.l2.core.main.L2CoreMain] Component: RESERVE - started in 22 msec
2025-12-08 11:11:41,945 INFO  [ru.toxsoft.l2.core.main.L2CoreMain] Запуск модуля приложения
2025-12-08 11:11:41,945 INFO  [ru.toxsoft.l2.core.main.L2CoreMain] Start starting component: APP
2025-12-08 11:11:41,945 INFO  [ru.toxsoft.l2.core.app.impl.BaseAppImpl] Стартует компонента BaseAppImpl
2025-12-08 11:11:41,945 INFO  [ru.toxsoft.l2.core.app.impl.BaseAppImpl] Компонента BaseAppImpl стартовала
2025-12-08 11:11:41,945 INFO  [ru.toxsoft.l2.core.main.L2CoreMain] Component: APP - started in 0 msec
2025-12-08 11:11:41,946 INFO  [ru.toxsoft.l2.core.main.L2CoreMain] READ_DEVICES_DELAY 65
2025-12-08 11:11:41,946 INFO  [ru.toxsoft.l2.core.main.L2CoreMain] WRITE_DEVICES_DELAY 5
2025-12-08 11:11:41,946 INFO  [ru.toxsoft.l2.core.main.L2CoreMain] Установка перехватчика остановки приложения (ctrl+C)
2025-12-08 11:11:41,946 INFO  [ru.toxsoft.l2.core.main.L2CoreMain] Запуск главного цикла программы
2025-12-08 11:11:42,014 INFO  [ru.toxsoft.l2.core.net.NetworkUtils] IDataQualityService addConnectedResources: size = 0
2025-12-08 11:11:52,334 ERROR [ru.toxsoft.l2.core.main.L2CoreMain] ShutdownHookThread Started
2025-12-08 11:11:52,407 INFO  [ru.toxsoft.l2.core.main.L2CoreMain] Start stopping component: APP
2025-12-08 11:11:52,408 INFO  [ru.toxsoft.l2.core.app.impl.BaseAppImpl] Останавливается компонента BaseAppImpl
2025-12-08 11:11:52,408 INFO  [ru.toxsoft.l2.core.main.L2CoreMain] Component: APP - stopped successful (true) in 1 msec
2025-12-08 11:11:52,408 INFO  [ru.toxsoft.l2.core.main.L2CoreMain] Start stopping component: RESERVE
2025-12-08 11:11:52,408 INFO  [ru.toxsoft.l2.core.dlm.impl.DlmManager] Останавливается компонента DlmManager
2025-12-08 11:11:52,408 INFO  [ru.toxsoft.l2.core.dlm.impl.DlmManager] processing Stop Query Dlm manager
2025-12-08 11:11:52,408 INFO  [ru.toxsoft.l2.core.dlm.impl.DlmHolder] query stopping DLM ru.toxsoft.l2.dlm.tags.common
2025-12-08 11:11:52,410 INFO  [ru.toxsoft.l2.core.net.NetworkUtils] IDataQualityService removeDataFromQualityService: size = 0
2025-12-08 11:11:52,412 INFO  [ru.toxsoft.l2.core.dlm.impl.DlmHolder] query stop DLM ru.toxsoft.l2.dlm.tags.common - with result: true
2025-12-08 11:11:52,412 INFO  [ru.toxsoft.l2.core.dlm.impl.DlmManager] process Stop Query Dlm manager with result: true
2025-12-08 11:11:52,412 INFO  [ru.toxsoft.l2.core.main.L2CoreMain] Component: RESERVE - stopped successful (true) in 4 msec
2025-12-08 11:11:52,413 INFO  [ru.toxsoft.l2.core.main.L2CoreMain] Start stopping component: NET
2025-12-08 11:11:52,413 INFO  [ru.toxsoft.l2.core.net.impl.NetworkImpl] Останавливается компонента NetworkImpl
2025-12-08 11:11:52,422 ERROR [org.toxsoft.uskat.s5.client.remote.connection.pas.S5CallbackClient] Нет callback-соединений сервера. Пересоздание соединения
2025-12-08 11:11:52,422 WARN  [org.toxsoft.uskat.s5.client.remote.connection.S5Connection] restoreSessionQuery(): call handlingUnexpectedBreak()
2025-12-08 11:11:52,422 WARN  [org.toxsoft.uskat.s5.client.remote.connection.S5Connection] While desctivating connection already became inacive. closingNow = true, state = Неактивный
2025-12-08 11:11:52,423 INFO  [ru.toxsoft.l2.core.main.L2CoreMain] Component: NET - stopped successful (true) in 10 msec
2025-12-08 11:11:52,423 INFO  [ru.toxsoft.l2.core.main.L2CoreMain] Start stopping component: HAL
2025-12-08 11:11:52,423 INFO  [ru.toxsoft.l2.core.hal.impl.HalImpl] Останавливается компонента HalImpl
2025-12-08 11:11:52,424 ERROR [org.toxsoft.uskat.s5.client.remote.connection.pas.S5CallbackClient] Обнаружен разрыв соединения канала remote(127.0.0.1:8081), local(0.0.0.0:50542), time =2025-12-08_11:11:41.287. Причина: TsIoRtException: Error acessing file or directory
2025-12-08 11:11:52,450 INFO  [ru.toxsoft.l2.core.main.L2CoreMain] Component: HAL - stopped successful (true) in 27 msec
2025-12-08 11:11:52,451 INFO  [ru.toxsoft.l2.core.dlm.impl.DlmManager] processing Destroy Dlm manager
2025-12-08 11:11:52,451 INFO  [ru.toxsoft.l2.core.dlm.impl.DlmManager] destroyed Dlm manager
2025-12-08 11:11:52,451 INFO  [ru.toxsoft.l2.core.dlm.impl.DlmManager] processing Destroy Dlm manager
2025-12-08 11:11:52,451 INFO  [ru.toxsoft.l2.core.dlm.impl.DlmManager] destroyed Dlm manager
2025-12-08 11:11:52,451 INFO  [ru.toxsoft.l2.core.main.L2CoreMain] Программа НУ завершила работу.
  Причина завершения: Shutdown by ShutdownHook (CTRL+C) 
  Код завершения: 0 
  Общее время работы 0 дн. 00:00:13 

2025-12-08 11:11:52,451 INFO  [ru.toxsoft.l2.core.main.L2CoreMain] Программа НУ завершила работу. Код завершения: 0
2025-12-08 11:11:52,451 ERROR [ru.toxsoft.l2.core.main.L2CoreMain] ShutdownHookThread Quit
